2025-05-27 01:34:56,180 - semgrep.run_scan - DEBUG - semgrep version 1.2.0
2025-05-27 01:34:56,185 - semgrep.config_resolver - DEBUG - Loading local config from /home/runner/workspace/.config/.semgrep/semgrep_rules.json
2025-05-27 01:34:56,194 - semgrep.config_resolver - DEBUG - Done loading local config from /home/runner/workspace/.config/.semgrep/semgrep_rules.json
2025-05-27 01:34:56,197 - semgrep.config_resolver - DEBUG - Saving rules to /tmp/semgrep-92nrgghu.rules
2025-05-27 01:34:56,346 - semgrep.semgrep_core - DEBUG - Failed to open resource semgrep-core-proprietary: [Errno 2] No such file or directory: '/tmp/_MEIDnvdcI/semgrep/bin/semgrep-core-proprietary'.
2025-05-27 01:34:56,803 - semgrep.rule_lang - DEBUG - semgrep-core validation response: valid=True
2025-05-27 01:34:56,803 - semgrep.rule_lang - DEBUG - semgrep-core validation succeeded
2025-05-27 01:34:56,804 - semgrep.rule_lang - DEBUG - RPC validation succeeded
2025-05-27 01:34:56,804 - semgrep.config_resolver - DEBUG - loaded 1 configs in 0.6190016269683838
2025-05-27 01:34:56,876 - semgrep.run_scan - VERBOSE - running 711 rules from 1 config /home/runner/workspace/.config/.semgrep/semgrep_rules.json_0
2025-05-27 01:34:56,876 - semgrep.run_scan - VERBOSE - No .semgrepignore found. Using default .semgrepignore rules. See the docs for the list of default ignores: https://semgrep.dev/docs/cli-usage/#ignore-files
2025-05-27 01:34:56,877 - semgrep.run_scan - VERBOSE - Rules:
2025-05-27 01:34:56,877 - semgrep.run_scan - VERBOSE - <SKIPPED DATA (too many entries; use --max-log-list-entries)>
2025-05-27 01:34:57,400 - semgrep.core_runner - DEBUG - Passing whole rules directly to semgrep_core
2025-05-27 01:34:57,554 - semgrep.core_runner - DEBUG - Running Semgrep engine with command:
2025-05-27 01:34:57,554 - semgrep.core_runner - DEBUG - /tmp/_MEIDnvdcI/semgrep/bin/opengrep-core -json -rules /tmp/tmpefwo6_8h.json -j 8 -targets /tmp/tmp76s23m63 -timeout 5 -timeout_threshold 3 -max_memory 0 -fast
2025-05-27 01:35:02,402 - semgrep.core_runner - DEBUG - --- semgrep-core stderr ---
[00.06][[34mINFO[0m]: Executed as: /tmp/_MEIDnvdcI/semgrep/bin/opengrep-core -json -rules /tmp/tmpefwo6_8h.json -j 8 -targets /tmp/tmp76s23m63 -timeout 5 -timeout_threshold 3 -max_memory 0 -fast
[00.06][[34mINFO[0m]: Version: 1.2.0
[00.06][[34mINFO[0m]: Parsing rules in /tmp/tmpefwo6_8h.json
[00.45][[34mINFO[0m]: scan: processing 375 files (skipping 0), with 454 rules (skipping 0 )
[02.59][[33mWARNING[0m]: Fixpoint timeout while performing taint analysis [rule: config..semgrep.vendored-rules.javascript.express.security.injection.raw-html-format file: server/admin.ts func: ???]
[0m[02.80][[33mWARNING[0m]: Fixpoint timeout while performing taint analysis [rule: config..semgrep.vendored-rules.typescript.react.security.audit.react-unsanitized-method file: client/src/components/left-panel.tsx func: LeftPanel:25693]
[0m[03.38][[33mWARNING[0m]: Fixpoint timeout while performing taint analysis [rule: config..semgrep.vendored-rules.javascript.express.security.injection.raw-html-format file: server/routes.ts func: registerRoutes:32512]
[0m[03.39][[33mWARNING[0m]: Fixpoint timeout while performing taint analysis [rule: config..semgrep.vendored-rules.javascript.lang.security.audit.detect-non-literal-require file: client/src/components/ui/sidebar.tsx func: ???]
[0m[04.82][[34mINFO[0m]: Custom ignore pattern: None
[04.82][[34mINFO[0m]: Custom ignore pattern: None
--- end semgrep-core stderr ---
2025-05-27 01:35:02,407 - semgrep.rule_match - DEBUG - match_key = ('', PosixPath('client/index.html'), 'config..semgrep.vendored-rules.html.security.audit.missing-integrity') match_id = 0ee74fd49637bebe183eca7188dbde26e386314e62cc2e7ba1ee60b377b638243fcd84e6c6fa04886198ccacfa6a711bfbcc61a28f9ddc913d5b3c53083cbc90_0
2025-05-27 01:35:02,408 - semgrep.rule_match - DEBUG - match_key = (' type="text/javascript" src="https://replit.com/public/js/replit-badge-v3.js" (?is).*integrity= (google-analytics\\.com|fonts\\.googleapis\\.com|fonts\\.gstatic\\.com|googletagmanager\\.com) .*rel\\s*=\\s*[\'"]?preconnect.* href="... :// ..." href="//..." href=\'... :// ...\' href=\'//...\' src="... :// ..." src="//..." src=\'... :// ...\' src=\'//...\' <link  type="text/javascript" src="https://replit.com/public/js/replit-badge-v3.js" > <script  type="text/javascript" src="https://replit.com/public/js/replit-badge-v3.js" >...</script>', PosixPath('client/index.html'), 'config..semgrep.vendored-rules.html.security.audit.missing-integrity') match_id = 4bdd7851ad01115be21b89db5295e49dbf2f2fcb25c4b9d41637f378c9dd2b14f3d06d2db62867c8a61567dc6355e6efd66ea3a68baf50395ddc8a65df32f7b6_0
2025-05-27 01:35:02,408 - semgrep.rule_match - DEBUG - match_key = (' type="text/javascript" src="https://replit.com/public/js/replit-badge-v3.js" (?is).*integrity= (google-analytics\\.com|fonts\\.googleapis\\.com|fonts\\.gstatic\\.com|googletagmanager\\.com) .*rel\\s*=\\s*[\'"]?preconnect.* href="... :// ..." href="//..." href=\'... :// ...\' href=\'//...\' src="... :// ..." src="//..." src=\'... :// ...\' src=\'//...\' <link  type="text/javascript" src="https://replit.com/public/js/replit-badge-v3.js" > <script  type="text/javascript" src="https://replit.com/public/js/replit-badge-v3.js" >...</script>', PosixPath('client/index.html'), 'config..semgrep.vendored-rules.html.security.audit.missing-integrity') match_id = 4bdd7851ad01115be21b89db5295e49dbf2f2fcb25c4b9d41637f378c9dd2b14f3d06d2db62867c8a61567dc6355e6efd66ea3a68baf50395ddc8a65df32f7b6_0
2025-05-27 01:35:02,409 - semgrep.rule_match - DEBUG - match_key = (' type="text/javascript" src="https://replit.com/public/js/replit-badge-v3.js" (?is).*integrity= (google-analytics\\.com|fonts\\.googleapis\\.com|fonts\\.gstatic\\.com|googletagmanager\\.com) .*rel\\s*=\\s*[\'"]?preconnect.* href="... :// ..." href="//..." href=\'... :// ...\' href=\'//...\' src="... :// ..." src="//..." src=\'... :// ...\' src=\'//...\' <link  type="text/javascript" src="https://replit.com/public/js/replit-badge-v3.js" > <script  type="text/javascript" src="https://replit.com/public/js/replit-badge-v3.js" >...</script>', PosixPath('client/index.html'), 'config..semgrep.vendored-rules.html.security.audit.missing-integrity') match_id = 4bdd7851ad01115be21b89db5295e49dbf2f2fcb25c4b9d41637f378c9dd2b14f3d06d2db62867c8a61567dc6355e6efd66ea3a68baf50395ddc8a65df32f7b6_0
2025-05-27 01:35:02,409 - semgrep.rule_match - DEBUG - match_key = ('', PosixPath('client/src/components/publish-modal.tsx'), 'config..semgrep.vendored-rules.javascript.lang.security.html-in-template-string') match_id = 0e797cf25726748546f1328badc068e300f61713bd8c031614dd308b8402090cd8230f15a2cefab94492016be3b4b36f8d23d06f41ef9bdb97ea7dcfc905f692_0
2025-05-27 01:35:02,410 - semgrep.rule_match - DEBUG - match_key = ('<iframe\n  src=" .*</?[a-zA-Z] `<iframe\n  src="${domain}...`\n `...${domain}<iframe\n  src="`\n', PosixPath('client/src/components/publish-modal.tsx'), 'config..semgrep.vendored-rules.javascript.lang.security.html-in-template-string') match_id = 58c14e8ca76cc99a54962055809a4524993fc32086338b9377acc8181d4cec91562faffbf32451023ed5080329c93ce7e3ee2484898fadef1417d9b02c200b3d_0
2025-05-27 01:35:02,410 - semgrep.rule_match - DEBUG - match_key = ('<iframe\n  src=" .*</?[a-zA-Z] `<iframe\n  src="${domain}...`\n `...${domain}<iframe\n  src="`\n', PosixPath('client/src/components/publish-modal.tsx'), 'config..semgrep.vendored-rules.javascript.lang.security.html-in-template-string') match_id = 58c14e8ca76cc99a54962055809a4524993fc32086338b9377acc8181d4cec91562faffbf32451023ed5080329c93ce7e3ee2484898fadef1417d9b02c200b3d_0
2025-05-27 01:35:02,411 - semgrep.rule_match - DEBUG - match_key = ('<iframe\n  src=" .*</?[a-zA-Z] `<iframe\n  src="${domain}...`\n `...${domain}<iframe\n  src="`\n', PosixPath('client/src/components/publish-modal.tsx'), 'config..semgrep.vendored-rules.javascript.lang.security.html-in-template-string') match_id = 58c14e8ca76cc99a54962055809a4524993fc32086338b9377acc8181d4cec91562faffbf32451023ed5080329c93ce7e3ee2484898fadef1417d9b02c200b3d_0
2025-05-27 01:35:02,411 - semgrep.rule_match - DEBUG - match_key = ('', PosixPath('client/src/lib/supabase.ts'), 'config..semgrep.vendored-rules.javascript.lang.security.audit.unsafe-formatstring') match_id = a77a4decc0a0e58134f9c1c351ecb944ac5c75e9b2cefc7feea026a5f7bb596130bfd2ae6b1db00c834b3f5a31775262420ef1fa202b1c28bcc340a14bbcc81b_0
2025-05-27 01:35:02,412 - semgrep.rule_match - DEBUG - match_key = ('"..." + "..."\n $X + $Y $X.concat($Y) `...${...}...`\n $X.concat("...")\n `Failed to get form responses for label label from Supabase: $UTIL = require(\'util\')\n...\n $UTIL.format(`Failed to get form responses for label label from Supabase:,err,...)\n console.error(`Failed to get form responses for label label from Supabase:,err,...)\n', PosixPath('client/src/lib/supabase.ts'), 'config..semgrep.vendored-rules.javascript.lang.security.audit.unsafe-formatstring') match_id = 7c0b947514e12abf62b15ddc62571c71e3300b416d400e09efe0fc7db4f406d780767214b9a84742132eae8ab3a14a84e1c8130f8112ed7d10c86934d861b7eb_0
2025-05-27 01:35:02,412 - semgrep.rule_match - DEBUG - match_key = ('"..." + "..."\n $X + $Y $X.concat($Y) `...${...}...`\n $X.concat("...")\n `Failed to get form responses for label label from Supabase: $UTIL = require(\'util\')\n...\n $UTIL.format(`Failed to get form responses for label label from Supabase:,err,...)\n console.error(`Failed to get form responses for label label from Supabase:,err,...)\n', PosixPath('client/src/lib/supabase.ts'), 'config..semgrep.vendored-rules.javascript.lang.security.audit.unsafe-formatstring') match_id = 7c0b947514e12abf62b15ddc62571c71e3300b416d400e09efe0fc7db4f406d780767214b9a84742132eae8ab3a14a84e1c8130f8112ed7d10c86934d861b7eb_0
2025-05-27 01:35:02,413 - semgrep.rule_match - DEBUG - match_key = ('"..." + "..."\n $X + $Y $X.concat($Y) `...${...}...`\n $X.concat("...")\n `Failed to get form responses for label label from Supabase: $UTIL = require(\'util\')\n...\n $UTIL.format(`Failed to get form responses for label label from Supabase:,err,...)\n console.error(`Failed to get form responses for label label from Supabase:,err,...)\n', PosixPath('client/src/lib/supabase.ts'), 'config..semgrep.vendored-rules.javascript.lang.security.audit.unsafe-formatstring') match_id = 7c0b947514e12abf62b15ddc62571c71e3300b416d400e09efe0fc7db4f406d780767214b9a84742132eae8ab3a14a84e1c8130f8112ed7d10c86934d861b7eb_0
2025-05-27 01:35:02,413 - semgrep.rule_match - DEBUG - match_key = ('', PosixPath('server/admin.ts'), 'config..semgrep.vendored-rules.javascript.lang.security.audit.unsafe-formatstring') match_id = 1b0a506f2507c26de8af320f5a4fec85fc0c120ac71d25e6c749a6eaafb3d624dc9f5513cc00ec8127d7de4c5d741a2c47ed6cbf6e4b21d648c31e69f9ebef58_0
2025-05-27 01:35:02,414 - semgrep.rule_match - DEBUG - match_key = ('"..." + "..."\n $X + $Y $X.concat($Y) `...${...}...`\n $X.concat("...")\n `Error fetching responses for form req.params.label: $UTIL = require(\'util\')\n...\n $UTIL.format(`Error fetching responses for form req.params.label:,error,...)\n console.error(`Error fetching responses for form req.params.label:,error,...)\n', PosixPath('server/admin.ts'), 'config..semgrep.vendored-rules.javascript.lang.security.audit.unsafe-formatstring') match_id = 6bf89d8d5e1f35609d6b5c7b7a451c747def1bb9b1763efb2955620e74a9d9b961cdb2d6f49b834819337146b5a4b40a01bf2f32da113f93c4df61bca352f2c4_0
2025-05-27 01:35:02,414 - semgrep.rule_match - DEBUG - match_key = ('"..." + "..."\n $X + $Y $X.concat($Y) `...${...}...`\n $X.concat("...")\n `Error fetching responses for form req.params.label: $UTIL = require(\'util\')\n...\n $UTIL.format(`Error fetching responses for form req.params.label:,error,...)\n console.error(`Error fetching responses for form req.params.label:,error,...)\n', PosixPath('server/admin.ts'), 'config..semgrep.vendored-rules.javascript.lang.security.audit.unsafe-formatstring') match_id = 6bf89d8d5e1f35609d6b5c7b7a451c747def1bb9b1763efb2955620e74a9d9b961cdb2d6f49b834819337146b5a4b40a01bf2f32da113f93c4df61bca352f2c4_0
2025-05-27 01:35:02,414 - semgrep.rule_match - DEBUG - match_key = ('"..." + "..."\n $X + $Y $X.concat($Y) `...${...}...`\n $X.concat("...")\n `Error fetching responses for form req.params.label: $UTIL = require(\'util\')\n...\n $UTIL.format(`Error fetching responses for form req.params.label:,error,...)\n console.error(`Error fetching responses for form req.params.label:,error,...)\n', PosixPath('server/admin.ts'), 'config..semgrep.vendored-rules.javascript.lang.security.audit.unsafe-formatstring') match_id = 6bf89d8d5e1f35609d6b5c7b7a451c747def1bb9b1763efb2955620e74a9d9b961cdb2d6f49b834819337146b5a4b40a01bf2f32da113f93c4df61bca352f2c4_0
2025-05-27 01:35:02,415 - semgrep.rule_match - DEBUG - match_key = ('', PosixPath('server/routes.ts'), 'config..semgrep.vendored-rules.javascript.lang.security.audit.unsafe-formatstring') match_id = e24e3288a32c9ad4921da20b227a0587a0596856ea79e7c29c73137fde834094f382cf9604ac765ec32471f83cf1196712bec140c3a2b18c933a6c2a040a826f_0
2025-05-27 01:35:02,415 - semgrep.rule_match - DEBUG - match_key = ('"..." + "..."\n $X + $Y $X.concat($Y) `...${...}...`\n $X.concat("...")\n `Error fetching responses for form req.params.id: $UTIL = require(\'util\')\n...\n $UTIL.format(`Error fetching responses for form req.params.id:,error,...)\n console.error(`Error fetching responses for form req.params.id:,error,...)\n', PosixPath('server/routes.ts'), 'config..semgrep.vendored-rules.javascript.lang.security.audit.unsafe-formatstring') match_id = 230b9f09841accbf53a16bfdfa70138545ffbdc79155f427f62b029022dfb673234d0f5c4ae5ef02bf7bc848854714c6c6f6cabef55a821b53cc6462c155f150_0
2025-05-27 01:35:02,416 - semgrep.rule_match - DEBUG - match_key = ('"..." + "..."\n $X + $Y $X.concat($Y) `...${...}...`\n $X.concat("...")\n `Error fetching responses for form req.params.id: $UTIL = require(\'util\')\n...\n $UTIL.format(`Error fetching responses for form req.params.id:,error,...)\n console.error(`Error fetching responses for form req.params.id:,error,...)\n', PosixPath('server/routes.ts'), 'config..semgrep.vendored-rules.javascript.lang.security.audit.unsafe-formatstring') match_id = 230b9f09841accbf53a16bfdfa70138545ffbdc79155f427f62b029022dfb673234d0f5c4ae5ef02bf7bc848854714c6c6f6cabef55a821b53cc6462c155f150_0
2025-05-27 01:35:02,416 - semgrep.rule_match - DEBUG - match_key = ('"..." + "..."\n $X + $Y $X.concat($Y) `...${...}...`\n $X.concat("...")\n `Error fetching responses for form req.params.id: $UTIL = require(\'util\')\n...\n $UTIL.format(`Error fetching responses for form req.params.id:,error,...)\n console.error(`Error fetching responses for form req.params.id:,error,...)\n', PosixPath('server/routes.ts'), 'config..semgrep.vendored-rules.javascript.lang.security.audit.unsafe-formatstring') match_id = 230b9f09841accbf53a16bfdfa70138545ffbdc79155f427f62b029022dfb673234d0f5c4ae5ef02bf7bc848854714c6c6f6cabef55a821b53cc6462c155f150_0
2025-05-27 01:35:02,488 - semgrep.rule_match - DEBUG - match_key = ('', PosixPath('server/services/supabase.ts'), 'config..semgrep.vendored-rules.javascript.lang.security.audit.unsafe-formatstring') match_id = 7310f0076481dfdcb3812a9a1e8d490a0d48f53a665d49f7d495ed64eb3aa2d986a791ecf407717763555ebc983e32d10b5324c001f843d0d7e89a05fc56fee7_0
2025-05-27 01:35:02,488 - semgrep.rule_match - DEBUG - match_key = ('"..." + "..."\n $X + $Y $X.concat($Y) `...${...}...`\n $X.concat("...")\n `Supabase error getting form config with ID id: $UTIL = require(\'util\')\n...\n $UTIL.format(`Supabase error getting form config with ID id:,error,...)\n console.error(`Supabase error getting form config with ID id:,error,...)\n', PosixPath('server/services/supabase.ts'), 'config..semgrep.vendored-rules.javascript.lang.security.audit.unsafe-formatstring') match_id = 959369c4ea4e9edac4246d069f68a3a98fa8428abafeb9abc72d877af6d6195aa466da7d5d57347672f550581098de0de0cc9cafe4718ea792e4273d810fea8e_0
2025-05-27 01:35:02,489 - semgrep.rule_match - DEBUG - match_key = ('"..." + "..."\n $X + $Y $X.concat($Y) `...${...}...`\n $X.concat("...")\n `Supabase error getting form config with ID id: $UTIL = require(\'util\')\n...\n $UTIL.format(`Supabase error getting form config with ID id:,error,...)\n console.error(`Supabase error getting form config with ID id:,error,...)\n', PosixPath('server/services/supabase.ts'), 'config..semgrep.vendored-rules.javascript.lang.security.audit.unsafe-formatstring') match_id = 959369c4ea4e9edac4246d069f68a3a98fa8428abafeb9abc72d877af6d6195aa466da7d5d57347672f550581098de0de0cc9cafe4718ea792e4273d810fea8e_0
2025-05-27 01:35:02,489 - semgrep.rule_match - DEBUG - match_key = ('"..." + "..."\n $X + $Y $X.concat($Y) `...${...}...`\n $X.concat("...")\n `Supabase error getting form config with ID id: $UTIL = require(\'util\')\n...\n $UTIL.format(`Supabase error getting form config with ID id:,error,...)\n console.error(`Supabase error getting form config with ID id:,error,...)\n', PosixPath('server/services/supabase.ts'), 'config..semgrep.vendored-rules.javascript.lang.security.audit.unsafe-formatstring') match_id = 959369c4ea4e9edac4246d069f68a3a98fa8428abafeb9abc72d877af6d6195aa466da7d5d57347672f550581098de0de0cc9cafe4718ea792e4273d810fea8e_0
2025-05-27 01:35:02,490 - semgrep.rule_match - DEBUG - match_key = ('', PosixPath('server/services/supabase.ts'), 'config..semgrep.vendored-rules.javascript.lang.security.audit.unsafe-formatstring') match_id = 7310f0076481dfdcb3812a9a1e8d490a0d48f53a665d49f7d495ed64eb3aa2d986a791ecf407717763555ebc983e32d10b5324c001f843d0d7e89a05fc56fee7_0
2025-05-27 01:35:02,490 - semgrep.rule_match - DEBUG - match_key = ('"..." + "..."\n $X + $Y $X.concat($Y) `...${...}...`\n $X.concat("...")\n `Supabase error getting form configs for user userId: $UTIL = require(\'util\')\n...\n $UTIL.format(`Supabase error getting form configs for user userId:,error,...)\n console.error(`Supabase error getting form configs for user userId:,error,...)\n', PosixPath('server/services/supabase.ts'), 'config..semgrep.vendored-rules.javascript.lang.security.audit.unsafe-formatstring') match_id = 9755c446f3c8dd8b329505ee2355c7f5a75dd83905a4a9353ec0a4db03d5d417b29e939c1c0993ee5dc99e63931577d5e357a5f27073db2ff2c1973392c0664f_0
2025-05-27 01:35:02,491 - semgrep.rule_match - DEBUG - match_key = ('"..." + "..."\n $X + $Y $X.concat($Y) `...${...}...`\n $X.concat("...")\n `Supabase error getting form configs for user userId: $UTIL = require(\'util\')\n...\n $UTIL.format(`Supabase error getting form configs for user userId:,error,...)\n console.error(`Supabase error getting form configs for user userId:,error,...)\n', PosixPath('server/services/supabase.ts'), 'config..semgrep.vendored-rules.javascript.lang.security.audit.unsafe-formatstring') match_id = 9755c446f3c8dd8b329505ee2355c7f5a75dd83905a4a9353ec0a4db03d5d417b29e939c1c0993ee5dc99e63931577d5e357a5f27073db2ff2c1973392c0664f_0
2025-05-27 01:35:02,491 - semgrep.rule_match - DEBUG - match_key = ('"..." + "..."\n $X + $Y $X.concat($Y) `...${...}...`\n $X.concat("...")\n `Supabase error getting form configs for user userId: $UTIL = require(\'util\')\n...\n $UTIL.format(`Supabase error getting form configs for user userId:,error,...)\n console.error(`Supabase error getting form configs for user userId:,error,...)\n', PosixPath('server/services/supabase.ts'), 'config..semgrep.vendored-rules.javascript.lang.security.audit.unsafe-formatstring') match_id = 9755c446f3c8dd8b329505ee2355c7f5a75dd83905a4a9353ec0a4db03d5d417b29e939c1c0993ee5dc99e63931577d5e357a5f27073db2ff2c1973392c0664f_0
2025-05-27 01:35:02,492 - semgrep.rule_match - DEBUG - match_key = ('', PosixPath('server/services/supabase.ts'), 'config..semgrep.vendored-rules.javascript.lang.security.audit.unsafe-formatstring') match_id = 7310f0076481dfdcb3812a9a1e8d490a0d48f53a665d49f7d495ed64eb3aa2d986a791ecf407717763555ebc983e32d10b5324c001f843d0d7e89a05fc56fee7_0
2025-05-27 01:35:02,492 - semgrep.rule_match - DEBUG - match_key = ('"..." + "..."\n $X + $Y $X.concat($Y) `...${...}...`\n $X.concat("...")\n `Supabase error getting form responses for label label: $UTIL = require(\'util\')\n...\n $UTIL.format(`Supabase error getting form responses for label label:,error,...)\n console.error(`Supabase error getting form responses for label label:,error,...)\n', PosixPath('server/services/supabase.ts'), 'config..semgrep.vendored-rules.javascript.lang.security.audit.unsafe-formatstring') match_id = e2883f28f853626a587a82b74af791c56976966973ce7173bc70cd654f7d46e8c75929846e8cc1a454f95ac3edfad8ced0fab4ae8679a60852ee6e18306d044f_0
2025-05-27 01:35:02,493 - semgrep.rule_match - DEBUG - match_key = ('"..." + "..."\n $X + $Y $X.concat($Y) `...${...}...`\n $X.concat("...")\n `Supabase error getting form responses for label label: $UTIL = require(\'util\')\n...\n $UTIL.format(`Supabase error getting form responses for label label:,error,...)\n console.error(`Supabase error getting form responses for label label:,error,...)\n', PosixPath('server/services/supabase.ts'), 'config..semgrep.vendored-rules.javascript.lang.security.audit.unsafe-formatstring') match_id = e2883f28f853626a587a82b74af791c56976966973ce7173bc70cd654f7d46e8c75929846e8cc1a454f95ac3edfad8ced0fab4ae8679a60852ee6e18306d044f_0
2025-05-27 01:35:02,494 - semgrep.rule_match - DEBUG - match_key = ('"..." + "..."\n $X + $Y $X.concat($Y) `...${...}...`\n $X.concat("...")\n `Supabase error getting form responses for label label: $UTIL = require(\'util\')\n...\n $UTIL.format(`Supabase error getting form responses for label label:,error,...)\n console.error(`Supabase error getting form responses for label label:,error,...)\n', PosixPath('server/services/supabase.ts'), 'config..semgrep.vendored-rules.javascript.lang.security.audit.unsafe-formatstring') match_id = e2883f28f853626a587a82b74af791c56976966973ce7173bc70cd654f7d46e8c75929846e8cc1a454f95ac3edfad8ced0fab4ae8679a60852ee6e18306d044f_0
2025-05-27 01:35:02,494 - semgrep.rule_match - DEBUG - match_key = ('', PosixPath('server/services/supabase.ts'), 'config..semgrep.vendored-rules.javascript.lang.security.audit.unsafe-formatstring') match_id = 7310f0076481dfdcb3812a9a1e8d490a0d48f53a665d49f7d495ed64eb3aa2d986a791ecf407717763555ebc983e32d10b5324c001f843d0d7e89a05fc56fee7_0
2025-05-27 01:35:02,495 - semgrep.rule_match - DEBUG - match_key = ('"..." + "..."\n $X + $Y $X.concat($Y) `...${...}...`\n $X.concat("...")\n `Supabase error getting form responses for form ID formId: $UTIL = require(\'util\')\n...\n $UTIL.format(`Supabase error getting form responses for form ID formId:,error,...)\n console.error(`Supabase error getting form responses for form ID formId:,error,...)\n', PosixPath('server/services/supabase.ts'), 'config..semgrep.vendored-rules.javascript.lang.security.audit.unsafe-formatstring') match_id = 47f3d45f026be4f7a4da772767621aa3856d8b7910401057edeed5afa1b9f2f24c596ec29a10b7b2dc62c498ea7f464735514a7e912b98d5143c75b187b39a68_0
2025-05-27 01:35:02,496 - semgrep.rule_match - DEBUG - match_key = ('"..." + "..."\n $X + $Y $X.concat($Y) `...${...}...`\n $X.concat("...")\n `Supabase error getting form responses for form ID formId: $UTIL = require(\'util\')\n...\n $UTIL.format(`Supabase error getting form responses for form ID formId:,error,...)\n console.error(`Supabase error getting form responses for form ID formId:,error,...)\n', PosixPath('server/services/supabase.ts'), 'config..semgrep.vendored-rules.javascript.lang.security.audit.unsafe-formatstring') match_id = 47f3d45f026be4f7a4da772767621aa3856d8b7910401057edeed5afa1b9f2f24c596ec29a10b7b2dc62c498ea7f464735514a7e912b98d5143c75b187b39a68_0
2025-05-27 01:35:02,496 - semgrep.rule_match - DEBUG - match_key = ('"..." + "..."\n $X + $Y $X.concat($Y) `...${...}...`\n $X.concat("...")\n `Supabase error getting form responses for form ID formId: $UTIL = require(\'util\')\n...\n $UTIL.format(`Supabase error getting form responses for form ID formId:,error,...)\n console.error(`Supabase error getting form responses for form ID formId:,error,...)\n', PosixPath('server/services/supabase.ts'), 'config..semgrep.vendored-rules.javascript.lang.security.audit.unsafe-formatstring') match_id = 47f3d45f026be4f7a4da772767621aa3856d8b7910401057edeed5afa1b9f2f24c596ec29a10b7b2dc62c498ea7f464735514a7e912b98d5143c75b187b39a68_0
2025-05-27 01:35:02,497 - semgrep.rule_match - DEBUG - match_key = ('', PosixPath('server/storage.ts'), 'config..semgrep.vendored-rules.javascript.lang.security.audit.unsafe-formatstring') match_id = 35769e1779f9335583c9ca24d934fa0c230e02acf2de975e8cbcb2f396ae816fd7b003203dc97d48dfee5c4cba20904749f2b31fa0f6544b5c881a424d309885_0
2025-05-27 01:35:02,498 - semgrep.rule_match - DEBUG - match_key = ('"..." + "..."\n $X + $Y $X.concat($Y) `...${...}...`\n $X.concat("...")\n `Error deleting form config with ID id: $UTIL = require(\'util\')\n...\n $UTIL.format(`Error deleting form config with ID id:,error,...)\n console.error(`Error deleting form config with ID id:,error,...)\n', PosixPath('server/storage.ts'), 'config..semgrep.vendored-rules.javascript.lang.security.audit.unsafe-formatstring') match_id = e15677ba4c1188795096d8b6fc37abe74304e734ef5a6f7541e8f616c2bd6aa5511eeea2ed385bb8f598f31d0aea13e70c75b9b7cc8faea6b2b719cfc95dab63_0
2025-05-27 01:35:02,498 - semgrep.rule_match - DEBUG - match_key = ('"..." + "..."\n $X + $Y $X.concat($Y) `...${...}...`\n $X.concat("...")\n `Error deleting form config with ID id: $UTIL = require(\'util\')\n...\n $UTIL.format(`Error deleting form config with ID id:,error,...)\n console.error(`Error deleting form config with ID id:,error,...)\n', PosixPath('server/storage.ts'), 'config..semgrep.vendored-rules.javascript.lang.security.audit.unsafe-formatstring') match_id = e15677ba4c1188795096d8b6fc37abe74304e734ef5a6f7541e8f616c2bd6aa5511eeea2ed385bb8f598f31d0aea13e70c75b9b7cc8faea6b2b719cfc95dab63_0
2025-05-27 01:35:02,499 - semgrep.rule_match - DEBUG - match_key = ('"..." + "..."\n $X + $Y $X.concat($Y) `...${...}...`\n $X.concat("...")\n `Error deleting form config with ID id: $UTIL = require(\'util\')\n...\n $UTIL.format(`Error deleting form config with ID id:,error,...)\n console.error(`Error deleting form config with ID id:,error,...)\n', PosixPath('server/storage.ts'), 'config..semgrep.vendored-rules.javascript.lang.security.audit.unsafe-formatstring') match_id = e15677ba4c1188795096d8b6fc37abe74304e734ef5a6f7541e8f616c2bd6aa5511eeea2ed385bb8f598f31d0aea13e70c75b9b7cc8faea6b2b719cfc95dab63_0
2025-05-27 01:35:02,501 - semgrep.core_runner - DEBUG - semgrep ran in 0:00:05.101419 on 128 files
2025-05-27 01:35:02,502 - semgrep.core_runner - DEBUG - findings summary: 2 warning, 0 error, 8 info
2025-05-27 01:35:02,505 - semgrep.app.auth - DEBUG - Getting API token from settings file
2025-05-27 01:35:02,505 - semgrep.app.auth - DEBUG - No API token found in settings file
2025-05-27 01:35:02,506 - semgrep.semgrep_core - DEBUG - Failed to open resource semgrep-core-proprietary: [Errno 2] No such file or directory: '/tmp/_MEIDnvdcI/semgrep/bin/semgrep-core-proprietary'.
2025-05-27 01:35:02,604 - semgrep.output - VERBOSE - 
========================================
Files skipped:
========================================

  Always skipped by Opengrep:

   • <none>

  Skipped by .gitignore:
  (Disable by passing --no-git-ignore)

   • <all files not listed by `git ls-files` were skipped>

  Skipped by .semgrepignore:
  - https://semgrep.dev/docs/ignoring-files-folders-code/#understand-semgrep-defaults

   • <none>

  Skipped by --include patterns:

   • <none>

  Skipped by --exclude patterns:

   • <none>

  Files skipped due to insufficient read permissions:

   • <none>

  Skipped by limiting to files smaller than 1000000 bytes:
  (Adjust with the --max-target-bytes flag)

   • <none>

  Partially analyzed due to parsing or internal Opengrep errors

   • tailwind.config.ts (1 lines skipped)

2025-05-27 01:35:02,605 - semgrep.output - INFO - Some files were skipped or only partially analyzed.
  Scan was limited to files tracked by git.
  Partially scanned: 1 files only partially analyzed due to parsing or internal Opengrep errors

Ran 435 rules on 128 files: 10 findings.
2025-05-27 01:35:02,606 - semgrep.app.version - DEBUG - Version cache does not exist
2025-05-27 01:35:02,618 - semgrep.metrics - VERBOSE - Not sending pseudonymous metrics since metrics are configured to OFF and registry usage is False
